<?xml version="1.0" encoding="UTF-8"?>
<testsuite xmlns:xsi="http://www.w3.org/2001/XMLSchema-instance" xsi:noNamespaceSchemaLocation="https://maven.apache.org/surefire/maven-surefire-plugin/xsd/surefire-test-report.xsd" name="org.acme.rest.json.FruitResourceTest" time="8.733" tests="1" errors="0" skipped="0" failures="1">
  <properties>
[...]
</properties>
  <testcase name="testHelloEndpoint" classname="org.acme.rest.json.FruitResourceTest" time="3.53">
    <failure message="1 expectation failed.&#10;Response body doesn&apos;t match expectation.&#10;Expected: is &quot;hello&quot;&#10;  Actual: [{&quot;description&quot;:&quot;Winter fruit&quot;,&quot;name&quot;:&quot;???&quot;},{&quot;description&quot;:&quot;Tropical fruit&quot;,&quot;name&quot;:&quot;Pineapple&quot;}]&#10;" type="java.lang.AssertionError">java.lang.AssertionError: 
1 expectation failed.
Response body doesn't match expectation.
Expected: is "hello"
  Actual: [{"description":"Winter fruit","name":"???"},{"description":"Tropical fruit","name":"Pineapple"}]

	at org.acme.rest.json.FruitResourceTest.testHelloEndpoint(FruitResourceTest.java:18)
</failure>
    <system-out><![CDATA[2019-10-18 15:47:07,460 INFO  [io.qua.dep.QuarkusAugmentor] (main) Beginning quarkus augmentation
2019-10-18 15:47:10,802 INFO  [io.qua.resteasy] (build-23) Resteasy running without servlet container.
2019-10-18 15:47:10,802 INFO  [io.qua.resteasy] (build-23) - Add quarkus-undertow to run Resteasy within a servlet container
2019-10-18 15:47:11,022 INFO  [io.qua.dep.QuarkusAugmentor] (main) Quarkus augmentation completed in 3562ms
2019-10-18 15:47:12,394 INFO  [io.quarkus] (main) Quarkus 0.25.0 started in 1.368s. Listening on: http://0.0.0.0:8081
2019-10-18 15:47:12,395 INFO  [io.quarkus] (main) Profile test activated. 
2019-10-18 15:47:12,396 INFO  [io.quarkus] (main) Installed features: [cdi, resteasy, resteasy-jsonb]
]]></system-out>
  </testcase>
</testsuite>